<?xml version="1.0" encoding="UTF-8"?>
<!-- Generated by org.testng.reporters.JUnitReportReporter -->
<testsuite hostname="LAPTOP-IO7O6G3K" failures="0" tests="1" name="test.CheckoutOverviewTest" time="2.922" errors="0" timestamp="2025-02-24T08:45:19 IST" skipped="0">
  <testcase classname="test.CheckoutOverviewTest" name="verifyPriceCaculationOnCartOverviewPage" time="2.922"/>
</testsuite> <!-- test.CheckoutOverviewTest -->
