<?xml version="1.0" encoding="UTF-8"?>
<!-- Generated by org.testng.reporters.JUnitReportReporter -->
<testsuite hostname="LAPTOP-IO7O6G3K" failures="0" tests="4" name="test.ProductSortTest" time="13.562" errors="0" timestamp="2025-02-24T08:45:19 IST" skipped="0">
  <testcase classname="test.ProductSortTest" name="verifySortingProductWithAtoZ" time="2.850"/>
  <testcase classname="test.ProductSortTest" name="verifySortingWithPriceHighToLow" time="3.773"/>
  <testcase classname="test.ProductSortTest" name="verifySortingOfProductWithZToA" time="3.798"/>
  <testcase classname="test.ProductSortTest" name="verifySortingWithPriceLowToHigh" time="3.141"/>
</testsuite> <!-- test.ProductSortTest -->
