<?xml version="1.0" encoding="UTF-8"?>
<!-- Generated by org.testng.reporters.JUnitReportReporter -->
<testsuite hostname="LAPTOP-IO7O6G3K" failures="0" tests="1" name="test.AboutPageTest" time="6.339" errors="0" timestamp="2025-02-24T08:45:19 IST" skipped="0">
  <testcase classname="test.AboutPageTest" name="verifyIfAboutPageIsAccesscible" time="6.339"/>
</testsuite> <!-- test.AboutPageTest -->
